<testsuite name="rspec" tests="12" skipped="0" failures="0" errors="0" time="15.049124" timestamp="2022-09-15T08:27:06+00:00" hostname="c2d4c1598994">
<properties>
<property name="seed" value="5419"/>
</properties>
<testcase classname="spec.models.m_calendar_spec" name="MCalendar Validations is expected to validate that :calendar_date cannot be empty/falsy" file="./spec/models/m_calendar_spec.rb" time="4.069781"/>
<testcase classname="spec.models.m_calendar_spec" name="MCalendar Validations is expected to validate that :calendar_date is case-sensitively unique" file="./spec/models/m_calendar_spec.rb" time="0.309625"/>
<testcase classname="spec.models.m_calendar_spec" name="MCalendar Validations is expected to validate that the length of :calendar_week is at most 2" file="./spec/models/m_calendar_spec.rb" time="0.280230"/>
<testcase classname="spec.models.m_calendar_spec" name="MCalendar Validations is expected to validate that the length of :holiday_name is at most 128" file="./spec/models/m_calendar_spec.rb" time="0.435810"/>
<testcase classname="spec.models.m_calendar_spec" name="MCalendar Scope with .calendar_date_between with right data return is expected to eq [#<MCalendar id: 5, calendar_date: "2022-09-15", calendar_week: "17", day_off_flg: false, holiday_nam...eated_at: "2022-09-15 17:27:13.519415000 +0900", updated_at: "2022-09-15 17:27:13.519415000 +0900">]" file="./spec/models/m_calendar_spec.rb" time="0.323656"/>
<testcase classname="spec.models.m_calendar_spec" name="MCalendar Scope with .calendar_date_between with no data return is expected to eq []" file="./spec/models/m_calendar_spec.rb" time="0.271964"/>
<testcase classname="spec.models.m_calendar_spec" name="MCalendar Scope with .calendar_date_range with from_date and to_date present is expected to eq [#<MCalendar id: 11, calendar_date: "2022-09-15", calendar_week: "2", day_off_flg: false, holiday_nam...eated_at: "2022-09-15 17:27:14.133318000 +0900", updated_at: "2022-09-15 17:27:14.133318000 +0900">]" file="./spec/models/m_calendar_spec.rb" time="0.318703"/>
<testcase classname="spec.models.m_calendar_spec" name="MCalendar Scope with .calendar_date_range with from_date nil and to_date present is expected to eq [#<MCalendar id: 14, calendar_date: "2022-09-15", calendar_week: "12", day_off_flg: false, holiday_na...eated_at: "2022-09-15 17:27:14.451040000 +0900", updated_at: "2022-09-15 17:27:14.451040000 +0900">]" file="./spec/models/m_calendar_spec.rb" time="0.366757"/>
<testcase classname="spec.models.m_calendar_spec" name="MCalendar Scope with .calendar_date_range with from_date present and to_date nil is expected to eq [#<MCalendar id: 18, calendar_date: "2022-09-16", calendar_week: "35", day_off_flg: false, holiday_na...eated_at: "2022-09-15 17:27:14.906180000 +0900", updated_at: "2022-09-15 17:27:14.906180000 +0900">]" file="./spec/models/m_calendar_spec.rb" time="0.564142"/>
<testcase classname="spec.models.m_calendar_spec" name="MCalendar Scope with .calendar_date_range with from_date nil and to_date nil is expected to eq [#<MCalendar id: 20, calendar_date: "2022-09-15", calendar_week: "49", day_off_flg: false, holiday_na...eated_at: "2022-09-15 17:27:15.377481000 +0900", updated_at: "2022-09-15 17:27:15.377481000 +0900">]" file="./spec/models/m_calendar_spec.rb" time="0.314363"/>
<testcase classname="spec.models.m_calendar_spec" name="MCalendar calendar_map with right data return check value" file="./spec/models/m_calendar_spec.rb" time="3.146563"/>
<testcase classname="spec.models.m_calendar_spec" name="MCalendar nearest_weekday with right data return check value" file="./spec/models/m_calendar_spec.rb" time="2.965000"/>
</testsuite>
